2026-05-14 10:15:22 INFO  Starting application service
2026-05-14 10:15:24 INFO  Database connection established
2026-05-14 10:15:30 WARN  High memory usage detected: 78%
2026-05-14 10:15:42 ERROR Failed to connect to cache server
2026-05-14 10:15:50 INFO  Retrying cache connection
2026-05-14 10:15:55 INFO  Cache connection successful
2026-05-14 10:16:02 INFO  Application health check passed
2026-05-14 10:16:10 INFO  Service running normally
2026-05-14 10:15:22 INFO  Starting application service
2026-05-14 10:15:24 INFO  Database connection established
2026-05-14 10:15:30 WARN  High memory usage detected: 78%
2026-05-14 10:15:42 ERROR Failed to connect to cache server
2026-05-14 10:15:50 INFO  Retrying cache connection
2026-05-14 10:15:55 INFO  Cache connection successful
2026-05-14 10:16:02 INFO  Application health check passed
2026-05-14 10:16:10 INFO  Service running normally
2026-05-14 10:15:22 INFO  Starting application service
2026-05-14 10:15:24 INFO  Database connection established
2026-05-14 10:15:30 WARN  High memory usage detected: 78%
2026-05-14 10:15:42 ERROR Failed to connect to cache server
2026-05-14 10:15:50 INFO  Retrying cache connection
2026-05-14 10:15:55 INFO  Cache connection successful
2026-05-14 10:16:02 INFO  Application health check passed
2026-05-14 10:16:10 INFO  Service running normally
2026-05-14 10:15:22 INFO  Starting application service
2026-05-14 10:15:24 INFO  Database connection established
2026-05-14 10:15:30 WARN  High memory usage detected: 78%
2026-05-14 10:15:42 ERROR Failed to connect to cache server
2026-05-14 10:15:50 INFO  Retrying cache connection
2026-05-14 10:15:55 INFO  Cache connection successful
2026-05-14 10:16:02 INFO  Application health check passed
2026-05-14 10:16:10 INFO  Service running normally

~

